This is pdfTeX, Version 3.141592653-2.6-1.40.23 (TeX Live 2021) (preloaded format=pdflatex 2022.2.21)  16 AUG 2022 20:34
entering extended mode
 restricted \write18 enabled.
 %&-line parsing enabled.
**"/home/chad/222 AIML425/A2_2DN_2DU_2DN/A2_NN_Box/AIML425_A2_Report/AIML425/AI
ML425_A2_Report.tex"

(/home/chad/222 AIML425/A2_2DN_2DU_2DN/A2_NN_Box/AIML425_A2_Report/AIML425/AIML
425_A2_Report.tex
LaTeX2e <2021-11-15> patch level 1
L3 programming layer <2022-02-05> (/home/chad/.TinyTeX/texmf-dist/tex/latex/bas
e/article.cls
Document Class: article 2021/10/04 v1.4n Standard LaTeX document class
(/home/chad/.TinyTeX/texmf-dist/tex/latex/base/size10.clo
File: size10.clo 2021/10/04 v1.4n Standard LaTeX file (size option)
)
\c@part=\count185
\c@section=\count186
\c@subsection=\count187
\c@subsubsection=\count188
\c@paragraph=\count189
\c@subparagraph=\count190
\c@figure=\count191
\c@table=\count192
\abovecaptionskip=\skip47
\belowcaptionskip=\skip48
\bibindent=\dimen138
) (./spconf.sty) (/home/chad/.TinyTeX/texmf-dist/tex/latex/amsmath/amsmath.sty
Package: amsmath 2021/10/15 v2.17l AMS math features
\@mathmargin=\skip49
For additional information on amsmath, use the `?' option.
(/home/chad/.TinyTeX/texmf-dist/tex/latex/amsmath/amstext.sty
Package: amstext 2021/08/26 v2.01 AMS text
(/home/chad/.TinyTeX/texmf-dist/tex/latex/amsmath/amsgen.sty
File: amsgen.sty 1999/11/30 v2.0 generic functions
\@emptytoks=\toks16
\ex@=\dimen139
)) (/home/chad/.TinyTeX/texmf-dist/tex/latex/amsmath/amsbsy.sty
Package: amsbsy 1999/11/29 v1.2d Bold Symbols
\pmbraise@=\dimen140
) (/home/chad/.TinyTeX/texmf-dist/tex/latex/amsmath/amsopn.sty
Package: amsopn 2021/08/26 v2.02 operator names
)
\inf@bad=\count193
LaTeX Info: Redefining \frac on input line 234.
\uproot@=\count194
\leftroot@=\count195
LaTeX Info: Redefining \overline on input line 399.
\classnum@=\count196
\DOTSCASE@=\count197
LaTeX Info: Redefining \ldots on input line 496.
LaTeX Info: Redefining \dots on input line 499.
LaTeX Info: Redefining \cdots on input line 620.
\Mathstrutbox@=\box50
\strutbox@=\box51
\big@size=\dimen141
LaTeX Font Info:    Redeclaring font encoding OML on input line 743.
LaTeX Font Info:    Redeclaring font encoding OMS on input line 744.
\macc@depth=\count198
\c@MaxMatrixCols=\count199
\dotsspace@=\muskip16
\c@parentequation=\count266
\dspbrk@lvl=\count267
\tag@help=\toks17
\row@=\count268
\column@=\count269
\maxfields@=\count270
\andhelp@=\toks18
\eqnshift@=\dimen142
\alignsep@=\dimen143
\tagshift@=\dimen144
\tagwidth@=\dimen145
\totwidth@=\dimen146
\lineht@=\dimen147
\@envbody=\toks19
\multlinegap=\skip50
\multlinetaggap=\skip51
\mathdisplay@stack=\toks20
LaTeX Info: Redefining \[ on input line 2938.
LaTeX Info: Redefining \] on input line 2939.
) (/home/chad/.TinyTeX/texmf-dist/tex/latex/graphics/graphicx.sty
Package: graphicx 2021/09/16 v1.2d Enhanced LaTeX Graphics (DPC,SPQR)
(/home/chad/.TinyTeX/texmf-dist/tex/latex/graphics/keyval.sty
Package: keyval 2014/10/28 v1.15 key=value parser (DPC)
\KV@toks@=\toks21
) (/home/chad/.TinyTeX/texmf-dist/tex/latex/graphics/graphics.sty
Package: graphics 2021/03/04 v1.4d Standard LaTeX Graphics (DPC,SPQR)
(/home/chad/.TinyTeX/texmf-dist/tex/latex/graphics/trig.sty
Package: trig 2021/08/11 v1.11 sin cos tan (DPC)
) (/home/chad/.TinyTeX/texmf-dist/tex/latex/graphics-cfg/graphics.cfg
File: graphics.cfg 2016/06/04 v1.11 sample graphics configuration
)
Package graphics Info: Driver file: pdftex.def on input line 107.
(/home/chad/.TinyTeX/texmf-dist/tex/latex/graphics-def/pdftex.def
File: pdftex.def 2020/10/05 v1.2a Graphics/color driver for pdftex
))
\Gin@req@height=\dimen148
\Gin@req@width=\dimen149
)
LaTeX Font Info:    Trying to load font information for OT1+ptm on input line 2
3.
(/home/chad/.TinyTeX/texmf-dist/tex/latex/psnfss/ot1ptm.fd
File: ot1ptm.fd 2001/06/04 font definitions for OT1/ptm.
) (/home/chad/.TinyTeX/texmf-dist/tex/latex/l3backend/l3backend-pdftex.def
File: l3backend-pdftex.def 2022-02-07 L3 backend support: PDF output (pdfTeX)
\l__color_backend_stack_int=\count271
\l__pdf_internal_box=\box52
) (./AIML425_A2_Report.aux)
\openout1 = `AIML425_A2_Report.aux'.

LaTeX Font Info:    Checking defaults for OML/cmm/m/it on input line 23.
LaTeX Font Info:    ... okay on input line 23.
LaTeX Font Info:    Checking defaults for OMS/cmsy/m/n on input line 23.
LaTeX Font Info:    ... okay on input line 23.
LaTeX Font Info:    Checking defaults for OT1/cmr/m/n on input line 23.
LaTeX Font Info:    ... okay on input line 23.
LaTeX Font Info:    Checking defaults for T1/cmr/m/n on input line 23.
LaTeX Font Info:    ... okay on input line 23.
LaTeX Font Info:    Checking defaults for TS1/cmr/m/n on input line 23.
LaTeX Font Info:    ... okay on input line 23.
LaTeX Font Info:    Checking defaults for OMX/cmex/m/n on input line 23.
LaTeX Font Info:    ... okay on input line 23.
LaTeX Font Info:    Checking defaults for U/cmr/m/n on input line 23.
LaTeX Font Info:    ... okay on input line 23.
(/home/chad/.TinyTeX/texmf-dist/tex/latex/epstopdf-pkg/epstopdf-base.sty
Package: epstopdf-base 2020-01-24 v2.11 Base part for package epstopdf
Package epstopdf-base Info: Redefining graphics rule for `.eps' on input line 4
85.
(/home/chad/.TinyTeX/texmf-dist/tex/latex/latexconfig/epstopdf-sys.cfg
File: epstopdf-sys.cfg 2010/07/13 v1.3 Configuration of (r)epstopdf for TeX Liv
e
))
Underfull \vbox (badness 1655) has occurred while \output is active []


LaTeX Warning: Citation `Lamp86' on page 1 undefined on input line 97.

Package epstopdf Info: Source file: <image1.eps>
(epstopdf)                    date: 2019-05-07 15:33:44
(epstopdf)                    size: 22626 bytes
(epstopdf)             Output file: <image1-eps-converted-to.pdf>
(epstopdf)                    date: 2022-07-07 12:38:19
(epstopdf)                    size: 5818 bytes
(epstopdf)             Command: <repstopdf --outfile=image1-eps-converted-to.pd
f image1.eps>
(epstopdf)             \includegraphics on input line 107.
Package epstopdf Info: Output file is already uptodate.
<image1-eps-converted-to.pdf, id=1, 261.97874pt x 58.2175pt>
File: image1-eps-converted-to.pdf Graphic file (type pdf)
<use image1-eps-converted-to.pdf>
Package pdftex.def Info: image1-eps-converted-to.pdf  used on input line 107.
(pdftex.def)             Requested size: 241.84842pt x 53.7455pt.
Package epstopdf Info: Source file: <image3.eps>
(epstopdf)                    date: 2019-05-07 15:33:44
(epstopdf)                    size: 22611 bytes
(epstopdf)             Output file: <image3-eps-converted-to.pdf>
(epstopdf)                    date: 2022-07-07 12:38:19
(epstopdf)                    size: 5227 bytes
(epstopdf)             Command: <repstopdf --outfile=image3-eps-converted-to.pd
f image3.eps>
(epstopdf)             \includegraphics on input line 114.
Package epstopdf Info: Output file is already uptodate.
<image3-eps-converted-to.pdf, id=2, 231.86626pt x 143.53625pt>
File: image3-eps-converted-to.pdf Graphic file (type pdf)
<use image3-eps-converted-to.pdf>
Package pdftex.def Info: image3-eps-converted-to.pdf  used on input line 114.
(pdftex.def)             Requested size: 113.81102pt x 70.45602pt.
Package epstopdf Info: Source file: <image4.eps>
(epstopdf)                    date: 2019-05-07 15:33:46
(epstopdf)                    size: 21590 bytes
(epstopdf)             Output file: <image4-eps-converted-to.pdf>
(epstopdf)                    date: 2022-07-07 12:38:20
(epstopdf)                    size: 4919 bytes
(epstopdf)             Command: <repstopdf --outfile=image4-eps-converted-to.pd
f image4.eps>
(epstopdf)             \includegraphics on input line 121.
Package epstopdf Info: Output file is already uptodate.
<image4-eps-converted-to.pdf, id=3, 231.86626pt x 143.53625pt>
File: image4-eps-converted-to.pdf Graphic file (type pdf)
<use image4-eps-converted-to.pdf>
Package pdftex.def Info: image4-eps-converted-to.pdf  used on input line 121.
(pdftex.def)             Requested size: 113.81102pt x 70.45602pt.

LaTeX Warning: Citation `C2' on page 1 undefined on input line 141.

(./AIML425_A2_Report.bbl [1{/home/chad/.TinyTeX/texmf-var/fonts/map/pdftex/updm
ap/pdftex.map}



]) [2

 <./image1-eps-converted-to.pdf> <./image3-eps-converted-to.pdf> <./image4-eps-
converted-to.pdf>] (./AIML425_A2_Report.aux)

LaTeX Warning: There were undefined references.

 ) 
Here is how much of TeX's memory you used:
 1894 strings out of 480238
 29970 string characters out of 5895836
 326885 words of memory out of 5000000
 19836 multiletter control sequences out of 15000+600000
 486127 words of font info for 58 fonts, out of 8000000 for 9000
 14 hyphenation exceptions out of 8191
 55i,11n,62p,734b,287s stack positions out of 5000i,500n,10000p,200000b,80000s
{/home/chad/.TinyTeX/texmf-dist/fonts/enc/dvips/base/8r.enc}</home/chad/.Tiny
TeX/texmf-dist/fonts/type1/public/amsfonts/cm/cmex10.pfb></home/chad/.TinyTeX/t
exmf-dist/fonts/type1/public/amsfonts/cm/cmmi10.pfb></home/chad/.TinyTeX/texmf-
dist/fonts/type1/public/amsfonts/cm/cmmi7.pfb></home/chad/.TinyTeX/texmf-dist/f
onts/type1/public/amsfonts/cm/cmr10.pfb></home/chad/.TinyTeX/texmf-dist/fonts/t
ype1/public/amsfonts/cm/cmr7.pfb></home/chad/.TinyTeX/texmf-dist/fonts/type1/pu
blic/amsfonts/cm/cmsy10.pfb></home/chad/.TinyTeX/texmf-dist/fonts/type1/public/
amsfonts/cm/cmsy7.pfb></home/chad/.TinyTeX/texmf-dist/fonts/type1/urw/times/utm
b8a.pfb></home/chad/.TinyTeX/texmf-dist/fonts/type1/urw/times/utmbi8a.pfb></hom
e/chad/.TinyTeX/texmf-dist/fonts/type1/urw/times/utmr8a.pfb></home/chad/.TinyTe
X/texmf-dist/fonts/type1/urw/times/utmri8a.pfb>
Output written on AIML425_A2_Report.pdf (2 pages, 131464 bytes).
PDF statistics:
 85 PDF objects out of 1000 (max. 8388607)
 49 compressed objects within 1 object stream
 0 named destinations out of 1000 (max. 500000)
 16 words of extra memory for PDF output out of 10000 (max. 10000000)

